<?xml version="1.0" encoding="UTF-8"?>
<!-- Generated by org.testng.reporters.JUnitReportReporter -->
<testsuite skipped="0" hostname="LAPTOP-Q87N7ROT" name="TestNg.Demo4" tests="4" failures="0" timestamp="2020-04-25T12:18:26 IST" time="0.010" errors="0">
  <testcase name="LogOut" time="0.006" classname="TestNg.Demo4"/>
  <system-out/>
  <testcase name="LogOut" time="0.001" classname="TestNg.Demo4"/>
  <system-out/>
  <testcase name="LogOut" time="0.002" classname="TestNg.Demo4"/>
  <system-out/>
  <testcase name="web1" time="0.001" classname="TestNg.Demo4"/>
  <system-out/>
</testsuite> <!-- TestNg.Demo4 -->
