<?xml version="1.0" encoding="UTF-8"?>
<!-- Generated by org.testng.reporters.JUnitReportReporter -->
<testsuite skipped="0" hostname="LAPTOP-Q87N7ROT" name="TestNg.Demo3" tests="3" failures="0" timestamp="2020-04-25T12:18:26 IST" time="0.006" errors="0">
  <testcase name="MMMTestCase" time="0.002" classname="TestNg.Demo3"/>
  <system-out/>
  <testcase name="huhuTestCase" time="0.002" classname="TestNg.Demo3"/>
  <system-out/>
  <testcase name="mobileTestCase" time="0.002" classname="TestNg.Demo3"/>
  <system-out/>
</testsuite> <!-- TestNg.Demo3 -->
