<?xml version="1.0" encoding="UTF-8"?>
<!-- Generated by org.testng.reporters.JUnitReportReporter -->
<testsuite skipped="0" hostname="LAPTOP-Q87N7ROT" name="TestNg.TestNGDemo" tests="1" failures="0" timestamp="2020-04-20T00:24:40 IST" time="0.014" errors="0">
  <testcase name="demo" time="0.014" classname="TestNg.TestNGDemo"/>
  <system-out/>
</testsuite> <!-- TestNg.TestNGDemo -->
