<?xml version="1.0" encoding="UTF-8"?>
<!-- Generated by org.testng.reporters.JUnitReportReporter -->
<testsuite skipped="0" hostname="LAPTOP-Q87N7ROT" name="TestNg.testNgAnnotation" tests="2" failures="0" timestamp="2020-04-22T16:06:06 IST" time="0.011" errors="0">
  <testcase name="tTest" time="0.003" classname="TestNg.testNgAnnotation"/>
  <system-out/>
  <testcase name="aTest2" time="0.008" classname="TestNg.testNgAnnotation"/>
  <system-out/>
</testsuite> <!-- TestNg.testNgAnnotation -->
