<?xml version="1.0" encoding="UTF-8"?>
<!-- Generated by org.testng.reporters.JUnitReportReporter -->
<testsuite skipped="0" hostname="LAPTOP-Q87N7ROT" name="TestNg.Demo1" tests="1" failures="0" timestamp="2020-04-25T12:18:26 IST" time="0.006" errors="0">
  <testcase name="firstTestCase" time="0.006" classname="TestNg.Demo1"/>
  <system-out/>
</testsuite> <!-- TestNg.Demo1 -->
