<?xml version="1.0" encoding="UTF-8"?>
<!-- Generated by org.testng.reporters.JUnitReportReporter -->
<testsuite skipped="0" hostname="LAPTOP-Q87N7ROT" name="TestNg.dataDrivenProps" tests="1" failures="0" timestamp="2020-04-30T15:21:26 IST" time="7.247" errors="0">
  <testcase name="login" time="7.247" classname="TestNg.dataDrivenProps"/>
  <system-out/>
</testsuite> <!-- TestNg.dataDrivenProps -->
