<?xml version="1.0" encoding="UTF-8"?>
<!-- Generated by org.testng.reporters.JUnitReportReporter -->
<testsuite skipped="0" hostname="LAPTOP-Q87N7ROT" name="TestNGDemo" tests="2" failures="0" timestamp="2020-04-19T02:55:38 IST" time="0.009" errors="0">
  <testcase name="secondTestCase" time="0.001" classname="TestNGDemo"/>
  <system-out/>
  <testcase name="demo" time="0.008" classname="TestNGDemo"/>
  <system-out/>
</testsuite> <!-- TestNGDemo -->
