<?xml version="1.0" encoding="UTF-8"?>
<!-- Generated by org.testng.reporters.JUnitReportReporter -->
<testsuite skipped="0" hostname="LAPTOP-Q87N7ROT" name="TestNg.Demo2" tests="1" failures="0" timestamp="2020-04-20T18:11:07 IST" time="0.002" errors="0">
  <testcase name="mobileStart" time="0.002" classname="TestNg.Demo2"/>
  <system-out/>
</testsuite> <!-- TestNg.Demo2 -->
